Using pre-set license
Built from '2020.3/staging' branch; Version is '2020.3.10f1 (297d780c91bc) revision 2719096'; Using compiler version '192528614'; Build Type 'Release'
OS: 'Windows 10 Home; OS build 19044.1706; Version 2009; 64bit' Language: 'en' Physical Memory: 16339 MB
BatchMode: 1, IsHumanControllingUs: 0, StartBugReporterOnCrash: 0, Is64bit: 1, IsPro: 0

 COMMAND LINE ARGUMENTS:
C:\Program Files\Unity\Hub\Editor\2020.3.10f1\Editor\Unity.exe
-adb2
-batchMode
-noUpm
-name
AssetImportWorker0
-projectPath
E:/SherlockOrcProject/Sherlock
-logFile
Logs/AssetImportWorker0.log
-srvPort
61244
Successfully changed project path to: E:/SherlockOrcProject/Sherlock
E:/SherlockOrcProject/Sherlock
Using Asset Import Pipeline V2.
Refreshing native plugins compatible for Editor in 117.34 ms, found 3 plugins.
Preloading 0 native plugins for Editor in 0.00 ms.
Initialize engine version: 2020.3.10f1 (297d780c91bc)
[Subsystems] Discovering subsystems at path C:/Program Files/Unity/Hub/Editor/2020.3.10f1/Editor/Data/Resources/UnitySubsystems
[Subsystems] Discovering subsystems at path E:/SherlockOrcProject/Sherlock/Assets
GfxDevice: creating device client; threaded=0
Direct3D:
    Version:  Direct3D 11.0 [level 11.1]
    Renderer: NVIDIA GeForce GTX 970 (ID=0x13c2)
    Vendor:   
    VRAM:     4043 MB
    Driver:   27.21.14.5671
Initialize mono
Mono path[0] = 'C:/Program Files/Unity/Hub/Editor/2020.3.10f1/Editor/Data/Managed'
Mono path[1] = 'C:/Program Files/Unity/Hub/Editor/2020.3.10f1/Editor/Data/MonoBleedingEdge/lib/mono/unityjit'
Mono config path = 'C:/Program Files/Unity/Hub/Editor/2020.3.10f1/Editor/Data/MonoBleedingEdge/etc'
Using monoOptions --debugger-agent=transport=dt_socket,embedding=1,server=y,suspend=n,address=127.0.0.1:56652
Begin MonoManager ReloadAssembly
Registering precompiled unity dll's ...
Register platform support module: C:/Program Files/Unity/Hub/Editor/2020.3.10f1/Editor/Data/PlaybackEngines/WindowsStandaloneSupport/UnityEditor.WindowsStandalone.Extensions.dll
Registered in 0.002613 seconds.
Native extension for WindowsStandalone target not found
Refreshing native plugins compatible for Editor in 112.36 ms, found 3 plugins.
Preloading 0 native plugins for Editor in 0.00 ms.
Mono: successfully reloaded assembly
- Completed reload, in  1.373 seconds
Platform modules already initialized, skipping
Registering precompiled user dll's ...
Registered in 0.008503 seconds.
Begin MonoManager ReloadAssembly
Native extension for WindowsStandalone target not found
Refreshing native plugins compatible for Editor in 102.55 ms, found 3 plugins.
Preloading 0 native plugins for Editor in 0.00 ms.
Mono: successfully reloaded assembly
- Completed reload, in  1.359 seconds
Platform modules already initialized, skipping
========================================================================
Worker process is ready to serve import requests
Launched and connected shader compiler UnityShaderCompiler.exe after 0.06 seconds
Refreshing native plugins compatible for Editor in 1.21 ms, found 3 plugins.
Preloading 0 native plugins for Editor in 0.00 ms.
Unloading 2437 Unused Serialized files (Serialized files now loaded: 0)
System memory in use before: 108.5 MB.
System memory in use after: 108.7 MB.

Unloading 31 unused Assets to reduce memory usage. Loaded Objects now: 2882.
Total: 2.764900 ms (FindLiveObjects: 0.523900 ms CreateObjectMapping: 0.152400 ms MarkObjects: 2.005500 ms  DeleteObjects: 0.081900 ms)

========================================================================
Received Import Request.
  path: Assets/Scenes/OverWorld/OverWorld.unity
  artifactKey: Guid(2cda990e2423bbf4892e6590ba056729) Importer(815301076,1909f56bfc062723c751e8b465ee728b)
Start importing Assets/Scenes/OverWorld/OverWorld.unity using Guid(2cda990e2423bbf4892e6590ba056729) Importer(815301076,1909f56bfc062723c751e8b465ee728b)  -> (artifact id: '6fd2a57e5fb85e8d90ed59701cc17942') in 0.024442 seconds
  Import took 0.052917 seconds .

========================================================================
Received Import Request.
  Time since last request: 76.116421 seconds.
  path: Assets/Scenes/Dungeons
  artifactKey: Guid(48944b293a2477b4eb18fb5d1d18ef46) Importer(815301076,1909f56bfc062723c751e8b465ee728b)
Start importing Assets/Scenes/Dungeons using Guid(48944b293a2477b4eb18fb5d1d18ef46) Importer(815301076,1909f56bfc062723c751e8b465ee728b)  -> (artifact id: 'b067d6e3a3861ce60589042bcee3ef17') in 0.015796 seconds
  Import took 0.038087 seconds .

========================================================================
Received Prepare
Registering precompiled user dll's ...
Registered in 0.007135 seconds.
Begin MonoManager ReloadAssembly
Native extension for WindowsStandalone target not found
Refreshing native plugins compatible for Editor in 0.99 ms, found 3 plugins.
Preloading 0 native plugins for Editor in 0.00 ms.
Mono: successfully reloaded assembly
- Completed reload, in  1.123 seconds
Platform modules already initialized, skipping
Refreshing native plugins compatible for Editor in 0.97 ms, found 3 plugins.
Preloading 0 native plugins for Editor in 0.00 ms.
Unloading 2412 Unused Serialized files (Serialized files now loaded: 0)
System memory in use before: 106.7 MB.
System memory in use after: 106.9 MB.

Unloading 19 unused Assets to reduce memory usage. Loaded Objects now: 2886.
Total: 2.275700 ms (FindLiveObjects: 0.219400 ms CreateObjectMapping: 0.111600 ms MarkObjects: 1.921200 ms  DeleteObjects: 0.022600 ms)

========================================================================
Received Import Request.
  Time since last request: 149.130708 seconds.
  path: Assets/ScriptableObj/Player stats/PlayerPosition.asset
  artifactKey: Guid(be7c10eed8bf65f4e9b82e68687cc802) Importer(815301076,1909f56bfc062723c751e8b465ee728b)
Start importing Assets/ScriptableObj/Player stats/PlayerPosition.asset using Guid(be7c10eed8bf65f4e9b82e68687cc802) Importer(815301076,1909f56bfc062723c751e8b465ee728b)  -> (artifact id: '2f64641ad9e6ce90be2588a6a8f648f9') in 0.044921 seconds
  Import took 0.049102 seconds .

========================================================================
Received Import Request.
  Time since last request: 0.000950 seconds.
  path: Assets/ScriptableObj/Player stats/PlayerPosition.asset
  artifactKey: Guid(be7c10eed8bf65f4e9b82e68687cc802) Importer(815301076,1909f56bfc062723c751e8b465ee728b)
Start importing Assets/ScriptableObj/Player stats/PlayerPosition.asset using Guid(be7c10eed8bf65f4e9b82e68687cc802) Importer(815301076,1909f56bfc062723c751e8b465ee728b)  -> (artifact id: '2f64641ad9e6ce90be2588a6a8f648f9') in 0.003007 seconds
  Import took 0.007650 seconds .

========================================================================
Received Prepare
Registering precompiled user dll's ...
Registered in 0.008031 seconds.
Begin MonoManager ReloadAssembly
Native extension for WindowsStandalone target not found
Refreshing native plugins compatible for Editor in 1.19 ms, found 3 plugins.
Preloading 0 native plugins for Editor in 0.00 ms.
Mono: successfully reloaded assembly
- Completed reload, in  1.193 seconds
Platform modules already initialized, skipping
Refreshing native plugins compatible for Editor in 1.01 ms, found 3 plugins.
Preloading 0 native plugins for Editor in 0.00 ms.
Unloading 2412 Unused Serialized files (Serialized files now loaded: 0)
System memory in use before: 106.8 MB.
System memory in use after: 107.0 MB.

Unloading 19 unused Assets to reduce memory usage. Loaded Objects now: 2890.
Total: 2.664700 ms (FindLiveObjects: 0.235900 ms CreateObjectMapping: 0.129300 ms MarkObjects: 2.273800 ms  DeleteObjects: 0.024700 ms)

========================================================================
Received Prepare
Refreshing native plugins compatible for Editor in 5.70 ms, found 3 plugins.
Preloading 0 native plugins for Editor in 0.00 ms.
Unloading 16 Unused Serialized files (Serialized files now loaded: 0)
System memory in use before: 59.4 MB.
System memory in use after: 59.6 MB.

Unloading 16 unused Assets to reduce memory usage. Loaded Objects now: 2890.
Total: 2.654600 ms (FindLiveObjects: 0.209500 ms CreateObjectMapping: 0.110100 ms MarkObjects: 2.307500 ms  DeleteObjects: 0.026600 ms)

========================================================================
Received Import Request.
  Time since last request: 206.732323 seconds.
  path: Assets/ScriptableObj/Inventory/PlayerInventory.asset
  artifactKey: Guid(3850919e181b22745b48225590b5c3d4) Importer(815301076,1909f56bfc062723c751e8b465ee728b)
Start importing Assets/ScriptableObj/Inventory/PlayerInventory.asset using Guid(3850919e181b22745b48225590b5c3d4) Importer(815301076,1909f56bfc062723c751e8b465ee728b)  -> (artifact id: '4c46aee2365d058e69e6760f3d9384be') in 0.020612 seconds
  Import took 0.047274 seconds .

========================================================================
Received Import Request.
  Time since last request: 0.000299 seconds.
  path: Assets/ScriptableObj/Inventory/smallKey 1.asset
  artifactKey: Guid(5792f4926db4e7243a23fbde28d45b47) Importer(815301076,1909f56bfc062723c751e8b465ee728b)
Start importing Assets/ScriptableObj/Inventory/smallKey 1.asset using Guid(5792f4926db4e7243a23fbde28d45b47) Importer(815301076,1909f56bfc062723c751e8b465ee728b)  -> (artifact id: 'fd43de6fb6f3ef9427555ef05d259639') in 0.002924 seconds
  Import took 0.021364 seconds .

========================================================================
Received Import Request.
  Time since last request: 0.000371 seconds.
  path: Assets/ScriptableObj/Inventory/Trigger.asset
  artifactKey: Guid(2588b276ff6d01543b8a3d7ffa12bcfa) Importer(815301076,1909f56bfc062723c751e8b465ee728b)
Start importing Assets/ScriptableObj/Inventory/Trigger.asset using Guid(2588b276ff6d01543b8a3d7ffa12bcfa) Importer(815301076,1909f56bfc062723c751e8b465ee728b)  -> (artifact id: 'fc4ee133144c7cf62314f40f2fda94ab') in 0.003478 seconds
  Import took 0.024895 seconds .

========================================================================
Received Import Request.
  Time since last request: 27.330680 seconds.
  path: Assets/Scripts
  artifactKey: Guid(1a7d61b6218d6a147ba482d06cde67cb) Importer(815301076,1909f56bfc062723c751e8b465ee728b)
Start importing Assets/Scripts using Guid(1a7d61b6218d6a147ba482d06cde67cb) Importer(815301076,1909f56bfc062723c751e8b465ee728b)  -> (artifact id: '2bf5936c58c35f3ab57486965c747615') in 0.002203 seconds
  Import took 0.036564 seconds .

========================================================================
Received Import Request.
  Time since last request: 1.791092 seconds.
  path: Assets/Scripts/Dialog
  artifactKey: Guid(c62eec81eddab9c4583ec88a828005c4) Importer(815301076,1909f56bfc062723c751e8b465ee728b)
Start importing Assets/Scripts/Dialog using Guid(c62eec81eddab9c4583ec88a828005c4) Importer(815301076,1909f56bfc062723c751e8b465ee728b)  -> (artifact id: '0dd07235827a8d8a75007761c180e6e7') in 0.003035 seconds
  Import took 0.013741 seconds .

========================================================================
Received Import Request.
  Time since last request: 1.028521 seconds.
  path: Assets/Scripts/Dialog/DialogBtn.cs
  artifactKey: Guid(f1a8342096990744398872fb6032f26c) Importer(815301076,1909f56bfc062723c751e8b465ee728b)
Start importing Assets/Scripts/Dialog/DialogBtn.cs using Guid(f1a8342096990744398872fb6032f26c) Importer(815301076,1909f56bfc062723c751e8b465ee728b)  -> (artifact id: 'f776e86ca5a703ef1ca6f83cc14c2466') in 0.017089 seconds
  Import took 0.024278 seconds .

========================================================================
Received Import Request.
  Time since last request: 8.865489 seconds.
  path: Assets/Scripts/Dialog/DialogController.cs
  artifactKey: Guid(5d6b193ac82d0c343b33ae57a51e8b42) Importer(815301076,1909f56bfc062723c751e8b465ee728b)
Start importing Assets/Scripts/Dialog/DialogController.cs using Guid(5d6b193ac82d0c343b33ae57a51e8b42) Importer(815301076,1909f56bfc062723c751e8b465ee728b)  -> (artifact id: '4a14be2d9bc654391a2f8306d595ebf6') in 0.002107 seconds
  Import took 0.026958 seconds .

========================================================================
Received Import Request.
  Time since last request: 4.939412 seconds.
  path: Assets/Scripts/Dialog/DialogBox.cs
  artifactKey: Guid(9788afdc96a8bdb4abb2029547ac93d5) Importer(815301076,1909f56bfc062723c751e8b465ee728b)
Start importing Assets/Scripts/Dialog/DialogBox.cs using Guid(9788afdc96a8bdb4abb2029547ac93d5) Importer(815301076,1909f56bfc062723c751e8b465ee728b)  -> (artifact id: '4c1c0623317a507c14039abb7653b49c') in 0.002079 seconds
  Import took 0.027200 seconds .

========================================================================
Received Prepare
Registering precompiled user dll's ...
Registered in 0.007045 seconds.
Begin MonoManager ReloadAssembly
Native extension for WindowsStandalone target not found
Refreshing native plugins compatible for Editor in 0.99 ms, found 3 plugins.
Preloading 0 native plugins for Editor in 0.00 ms.
Mono: successfully reloaded assembly
- Completed reload, in  1.444 seconds
Platform modules already initialized, skipping
Refreshing native plugins compatible for Editor in 2.20 ms, found 3 plugins.
Preloading 0 native plugins for Editor in 0.00 ms.
Unloading 2412 Unused Serialized files (Serialized files now loaded: 0)
System memory in use before: 106.8 MB.
System memory in use after: 107.0 MB.

Unloading 19 unused Assets to reduce memory usage. Loaded Objects now: 2894.
Total: 3.812000 ms (FindLiveObjects: 0.347700 ms CreateObjectMapping: 0.225200 ms MarkObjects: 3.212800 ms  DeleteObjects: 0.024000 ms)

========================================================================
Received Import Request.
  Time since last request: 562.335211 seconds.
  path: Assets/Dialogs/StartingNpcDialog.json
  artifactKey: Guid(42a84ef369f619442a3372a546aa2bd4) Importer(815301076,1909f56bfc062723c751e8b465ee728b)
Start importing Assets/Dialogs/StartingNpcDialog.json using Guid(42a84ef369f619442a3372a546aa2bd4) Importer(815301076,1909f56bfc062723c751e8b465ee728b)  -> (artifact id: '8259623eaa6abd9dd391d3e0e2d95671') in 0.020848 seconds
  Import took 0.051202 seconds .

========================================================================
Received Prepare
Registering precompiled user dll's ...
Registered in 0.006803 seconds.
Begin MonoManager ReloadAssembly
Native extension for WindowsStandalone target not found
Refreshing native plugins compatible for Editor in 2.15 ms, found 3 plugins.
Preloading 0 native plugins for Editor in 0.00 ms.
Mono: successfully reloaded assembly
- Completed reload, in  1.275 seconds
Platform modules already initialized, skipping
Refreshing native plugins compatible for Editor in 1.00 ms, found 3 plugins.
Preloading 0 native plugins for Editor in 0.00 ms.
Unloading 2412 Unused Serialized files (Serialized files now loaded: 0)
System memory in use before: 106.8 MB.
System memory in use after: 107.0 MB.

Unloading 19 unused Assets to reduce memory usage. Loaded Objects now: 2898.
Total: 2.619900 ms (FindLiveObjects: 0.263300 ms CreateObjectMapping: 0.141300 ms MarkObjects: 2.191900 ms  DeleteObjects: 0.022100 ms)

========================================================================
Received Prepare
Registering precompiled user dll's ...
Registered in 0.006818 seconds.
Begin MonoManager ReloadAssembly
Native extension for WindowsStandalone target not found
Refreshing native plugins compatible for Editor in 1.06 ms, found 3 plugins.
Preloading 0 native plugins for Editor in 0.00 ms.
Mono: successfully reloaded assembly
- Completed reload, in  1.144 seconds
Platform modules already initialized, skipping
Refreshing native plugins compatible for Editor in 1.13 ms, found 3 plugins.
Preloading 0 native plugins for Editor in 0.00 ms.
Unloading 2412 Unused Serialized files (Serialized files now loaded: 0)
System memory in use before: 106.7 MB.
System memory in use after: 107.0 MB.

Unloading 19 unused Assets to reduce memory usage. Loaded Objects now: 2902.
Total: 2.394700 ms (FindLiveObjects: 0.216000 ms CreateObjectMapping: 0.101400 ms MarkObjects: 2.055700 ms  DeleteObjects: 0.020400 ms)

========================================================================
Received Prepare
Registering precompiled user dll's ...
Registered in 0.007815 seconds.
Begin MonoManager ReloadAssembly
Native extension for WindowsStandalone target not found
Refreshing native plugins compatible for Editor in 1.00 ms, found 3 plugins.
Preloading 0 native plugins for Editor in 0.00 ms.
Mono: successfully reloaded assembly
- Completed reload, in  1.181 seconds
Platform modules already initialized, skipping
Refreshing native plugins compatible for Editor in 1.01 ms, found 3 plugins.
Preloading 0 native plugins for Editor in 0.00 ms.
Unloading 2412 Unused Serialized files (Serialized files now loaded: 0)
System memory in use before: 106.8 MB.
System memory in use after: 107.1 MB.

Unloading 19 unused Assets to reduce memory usage. Loaded Objects now: 2906.
Total: 2.305000 ms (FindLiveObjects: 0.253900 ms CreateObjectMapping: 0.123600 ms MarkObjects: 1.904100 ms  DeleteObjects: 0.021600 ms)

========================================================================
Received Prepare
Registering precompiled user dll's ...
Registered in 0.006754 seconds.
Begin MonoManager ReloadAssembly
Native extension for WindowsStandalone target not found
Refreshing native plugins compatible for Editor in 1.10 ms, found 3 plugins.
Preloading 0 native plugins for Editor in 0.00 ms.
Mono: successfully reloaded assembly
- Completed reload, in  1.211 seconds
Platform modules already initialized, skipping
Refreshing native plugins compatible for Editor in 1.04 ms, found 3 plugins.
Preloading 0 native plugins for Editor in 0.00 ms.
Unloading 2412 Unused Serialized files (Serialized files now loaded: 0)
System memory in use before: 106.8 MB.
System memory in use after: 107.1 MB.

Unloading 19 unused Assets to reduce memory usage. Loaded Objects now: 2910.
Total: 3.143900 ms (FindLiveObjects: 0.224300 ms CreateObjectMapping: 0.111800 ms MarkObjects: 2.784800 ms  DeleteObjects: 0.021800 ms)

========================================================================
Received Prepare
Registering precompiled user dll's ...
Registered in 0.007209 seconds.
Begin MonoManager ReloadAssembly
Native extension for WindowsStandalone target not found
Refreshing native plugins compatible for Editor in 1.02 ms, found 3 plugins.
Preloading 0 native plugins for Editor in 0.00 ms.
Mono: successfully reloaded assembly
- Completed reload, in  1.156 seconds
Platform modules already initialized, skipping
Refreshing native plugins compatible for Editor in 1.15 ms, found 3 plugins.
Preloading 0 native plugins for Editor in 0.00 ms.
Unloading 2412 Unused Serialized files (Serialized files now loaded: 0)
System memory in use before: 106.9 MB.
System memory in use after: 107.1 MB.

Unloading 19 unused Assets to reduce memory usage. Loaded Objects now: 2914.
Total: 2.526000 ms (FindLiveObjects: 0.243900 ms CreateObjectMapping: 0.133700 ms MarkObjects: 2.122900 ms  DeleteObjects: 0.023700 ms)

========================================================================
Received Prepare
Registering precompiled user dll's ...
Registered in 0.007358 seconds.
Begin MonoManager ReloadAssembly
Native extension for WindowsStandalone target not found
Refreshing native plugins compatible for Editor in 1.01 ms, found 3 plugins.
Preloading 0 native plugins for Editor in 0.00 ms.
Mono: successfully reloaded assembly
- Completed reload, in  1.188 seconds
Platform modules already initialized, skipping
Refreshing native plugins compatible for Editor in 1.08 ms, found 3 plugins.
Preloading 0 native plugins for Editor in 0.00 ms.
Unloading 2412 Unused Serialized files (Serialized files now loaded: 0)
System memory in use before: 106.9 MB.
System memory in use after: 107.1 MB.

Unloading 19 unused Assets to reduce memory usage. Loaded Objects now: 2918.
Total: 2.593400 ms (FindLiveObjects: 0.240200 ms CreateObjectMapping: 0.186800 ms MarkObjects: 2.144800 ms  DeleteObjects: 0.020500 ms)

========================================================================
Received Prepare
Registering precompiled user dll's ...
Registered in 0.006769 seconds.
Begin MonoManager ReloadAssembly
Native extension for WindowsStandalone target not found
Refreshing native plugins compatible for Editor in 1.05 ms, found 3 plugins.
Preloading 0 native plugins for Editor in 0.00 ms.
Mono: successfully reloaded assembly
- Completed reload, in  1.799 seconds
Platform modules already initialized, skipping
Refreshing native plugins compatible for Editor in 22.85 ms, found 3 plugins.
Preloading 0 native plugins for Editor in 0.00 ms.
Unloading 2412 Unused Serialized files (Serialized files now loaded: 0)
System memory in use before: 106.8 MB.
System memory in use after: 107.0 MB.

Unloading 19 unused Assets to reduce memory usage. Loaded Objects now: 2922.
Total: 32.613900 ms (FindLiveObjects: 27.344700 ms CreateObjectMapping: 0.718200 ms MarkObjects: 4.526500 ms  DeleteObjects: 0.022600 ms)

========================================================================
Received Prepare
Registering precompiled user dll's ...
Registered in 0.007051 seconds.
Begin MonoManager ReloadAssembly
Native extension for WindowsStandalone target not found
Refreshing native plugins compatible for Editor in 1.05 ms, found 3 plugins.
Preloading 0 native plugins for Editor in 0.00 ms.
Mono: successfully reloaded assembly
- Completed reload, in  1.078 seconds
Platform modules already initialized, skipping
Refreshing native plugins compatible for Editor in 0.98 ms, found 3 plugins.
Preloading 0 native plugins for Editor in 0.00 ms.
Unloading 2412 Unused Serialized files (Serialized files now loaded: 0)
System memory in use before: 106.9 MB.
System memory in use after: 107.1 MB.

Unloading 19 unused Assets to reduce memory usage. Loaded Objects now: 2926.
Total: 2.725400 ms (FindLiveObjects: 0.223400 ms CreateObjectMapping: 0.099000 ms MarkObjects: 2.382500 ms  DeleteObjects: 0.019600 ms)

AssetImportWorkerClient::OnTransportError - code=2 error=End of file
